<?xml version="1.0" encoding="UTF-8"?>
<!-- Generated by org.testng.reporters.JUnitXMLReporter -->
<testsuite hostname="Sarvesh" ignored="0" name="Test" tests="5" failures="0" timestamp="2021-10-21T10:01:59 IST" time="313.827" errors="0">
  <testcase name="reportsDownload" time="56.125" classname="admin_package.report_downTest"/>
  <testcase name="EditUserTest" time="67.446" classname="admin_package.admin_userEdit"/>
  <testcase name="user_deletion" time="50.953" classname="admin_package.delete_user"/>
  <testcase name="course_enroll" time="67.479" classname="admin_package.User_CreateTest"/>
  <testcase name="courseCreation" time="71.645" classname="admin_package.createCourTest"/>
</testsuite> <!-- Test -->
