<?xml version="1.0" encoding="UTF-8"?>
<testng-results skipped="0" failed="0" ignored="0" total="1" passed="1">
  <reporter-output>
  </reporter-output>
  <suite name="Default suite" duration-ms="71189" started-at="2021-10-21T10:10:10 IST" finished-at="2021-10-21T10:11:21 IST">
    <groups>
    </groups>
    <test name="Default test" duration-ms="71189" started-at="2021-10-21T10:10:10 IST" finished-at="2021-10-21T10:11:21 IST">
      <class name="admin_package.User_CreateTest">
        <test-method status="PASS" signature="course_enroll()[pri:0, instance:admin_package.User_CreateTest@704a52ec]" name="course_enroll" duration-ms="71112" started-at="2021-10-21T10:10:10 IST" finished-at="2021-10-21T10:11:21 IST">
          <reporter-output>
          </reporter-output>
        </test-method> <!-- course_enroll -->
      </class> <!-- admin_package.User_CreateTest -->
    </test> <!-- Default test -->
  </suite> <!-- Default suite -->
</testng-results>
